The following modules were not unloaded:
  (Use "module --force purge" to unload all):

  1) CCconfig        6)  ucx/1.14.1         11) flexiblas/3.3.1
  2) gentoo/2023     7)  libfabric/1.18.0   12) blis/0.9.0
  3) gcccore/.12.3   8)  pmix/4.2.4         13) StdEnv/2023
  4) gcc/12.3        9)  ucc/1.2.0
  5) hwloc/2.9.1     10) openmpi/4.1.5

The following have been reloaded with a version change:
  1) StdEnv/2023 => StdEnv/2020
  2) blis/0.9.0 => blis/0.8.1
  3) flexiblas/3.3.1 => flexiblas/3.0.4
  4) gcccore/.12.3 => gcccore/.9.3.0
  5) gentoo/2023 => gentoo/2020
  6) libfabric/1.18.0 => libfabric/1.10.1
  7) openmpi/4.1.5 => openmpi/4.0.3
  8) ucx/1.14.1 => ucx/1.8.0

/lustre06/project/6016730/minjihk/WEAVE_Pristine/preprocessing/build_dataset.py:241: RuntimeWarning: invalid value encountered in add
  final_flux[mask_green] += noise_green
/lustre06/project/6016730/minjihk/WEAVE_Pristine/preprocessing/build_dataset.py:247: RuntimeWarning: invalid value encountered in add
  final_flux[mask_red] += noise_red
/lustre06/project/6016730/minjihk/WEAVE_Pristine/preprocessing/build_dataset.py:247: RuntimeWarning: invalid value encountered in add
  final_flux[mask_red] += noise_red
/lustre06/project/6016730/minjihk/WEAVE_Pristine/preprocessing/build_dataset.py:247: RuntimeWarning: invalid value encountered in add
  final_flux[mask_red] += noise_red
/lustre06/project/6016730/minjihk/WEAVE_Pristine/preprocessing/build_dataset.py:247: RuntimeWarning: invalid value encountered in add
  final_flux[mask_red] += noise_red
/lustre06/project/6016730/minjihk/WEAVE_Pristine/preprocessing/build_dataset.py:247: RuntimeWarning: invalid value encountered in add
  final_flux[mask_red] += noise_red
/lustre06/project/6016730/minjihk/WEAVE_Pristine/preprocessing/build_dataset.py:235: RuntimeWarning: invalid value encountered in add
  final_flux[mask_blue] += noise_blue
/lustre06/project/6016730/minjihk/WEAVE_Pristine/preprocessing/build_dataset.py:247: RuntimeWarning: invalid value encountered in add
  final_flux[mask_red] += noise_red
/lustre06/project/6016730/minjihk/WEAVE_Pristine/preprocessing/build_dataset.py:235: RuntimeWarning: invalid value encountered in add
  final_flux[mask_blue] += noise_blue
